<?xml version="1.0" encoding="UTF-8"?>
<testng-results skipped="0" failed="0" total="11" passed="11">
  <reporter-output>
  </reporter-output>
  <suite name="Regression LoginSuite" duration-ms="47140" started-at="2017-10-11T09:12:34Z" finished-at="2017-10-11T09:13:21Z">
    <groups>
    </groups>
    <test name="Chrome Test" duration-ms="47140" started-at="2017-10-11T09:12:34Z" finished-at="2017-10-11T09:13:21Z">
      <class name="com.unit4test.testbase.LoginTestDriverCases">
        <test-method status="PASS" signature="config()[pri:0, instance:com.unit4test.testbase.LoginTestDriverCases@2286778]" name="config" is-config="true" duration-ms="204" started-at="2017-10-11T14:42:34Z" finished-at="2017-10-11T14:42:34Z">
          <reporter-output>
          </reporter-output>
        </test-method> <!-- config -->
        <test-method status="PASS" signature="setBrowser(java.lang.String)[pri:0, instance:com.unit4test.testbase.LoginTestDriverCases@2286778]" name="setBrowser" is-config="true" duration-ms="7470" started-at="2017-10-11T14:42:34Z" finished-at="2017-10-11T14:42:41Z">
          <params>
            <param index="0">
              <value>
                <![CDATA[Chrome]]>
              </value>
            </param>
          </params>
          <reporter-output>
          </reporter-output>
        </test-method> <!-- setBrowser -->
        <test-method status="PASS" signature="verifyTitle()[pri:1, instance:com.unit4test.testbase.LoginTestDriverCases@2286778]" name="verifyTitle" duration-ms="70" started-at="2017-10-11T14:42:41Z" finished-at="2017-10-11T14:42:42Z">
          <reporter-output>
          </reporter-output>
        </test-method> <!-- verifyTitle -->
        <test-method status="PASS" signature="tearDown(org.testng.ITestResult)[pri:0, instance:com.unit4test.testbase.LoginTestDriverCases@2286778]" name="tearDown" is-config="true" duration-ms="416" started-at="2017-10-11T14:42:42Z" finished-at="2017-10-11T14:42:42Z">
          <params>
            <param index="0">
              <value>
                <![CDATA[[TestResult name=verifyTitle status=SUCCESS method=LoginTestDriverCases.verifyTitle()[pri:1, instance:com.unit4test.testbase.LoginTestDriverCases@2286778] output={null}]]]>
              </value>
            </param>
          </params>
          <reporter-output>
          </reporter-output>
        </test-method> <!-- tearDown -->
        <test-method status="PASS" signature="verifyLogin()[pri:2, instance:com.unit4test.testbase.LoginTestDriverCases@2286778]" name="verifyLogin" duration-ms="4034" started-at="2017-10-11T14:42:42Z" description="Positive Testcase" depends-on-methods="com.unit4test.testbase.LoginTestDriverCases.verifyTitle" finished-at="2017-10-11T14:42:46Z">
          <reporter-output>
          </reporter-output>
        </test-method> <!-- verifyLogin -->
        <test-method status="PASS" signature="tearDown(org.testng.ITestResult)[pri:0, instance:com.unit4test.testbase.LoginTestDriverCases@2286778]" name="tearDown" is-config="true" duration-ms="72" started-at="2017-10-11T14:42:46Z" finished-at="2017-10-11T14:42:46Z">
          <params>
            <param index="0">
              <value>
                <![CDATA[[TestResult name=verifyLogin status=SUCCESS method=LoginTestDriverCases.verifyLogin()[pri:2, instance:com.unit4test.testbase.LoginTestDriverCases@2286778] output={null}]]]>
              </value>
            </param>
          </params>
          <reporter-output>
          </reporter-output>
        </test-method> <!-- tearDown -->
        <test-method status="PASS" signature="verifyLogout()[pri:3, instance:com.unit4test.testbase.LoginTestDriverCases@2286778]" name="verifyLogout" duration-ms="2233" started-at="2017-10-11T14:42:46Z" description="Negative Testcase" depends-on-methods="com.unit4test.testbase.LoginTestDriverCases.verifyLogin" finished-at="2017-10-11T14:42:48Z">
          <reporter-output>
          </reporter-output>
        </test-method> <!-- verifyLogout -->
        <test-method status="PASS" signature="tearDown(org.testng.ITestResult)[pri:0, instance:com.unit4test.testbase.LoginTestDriverCases@2286778]" name="tearDown" is-config="true" duration-ms="52" started-at="2017-10-11T14:42:48Z" finished-at="2017-10-11T14:42:48Z">
          <params>
            <param index="0">
              <value>
                <![CDATA[[TestResult name=verifyLogout status=SUCCESS method=LoginTestDriverCases.verifyLogout()[pri:3, instance:com.unit4test.testbase.LoginTestDriverCases@2286778] output={null}]]]>
              </value>
            </param>
          </params>
          <reporter-output>
          </reporter-output>
        </test-method> <!-- tearDown -->
        <test-method status="PASS" signature="wrongUserNameEntered()[pri:4, instance:com.unit4test.testbase.LoginTestDriverCases@2286778]" name="wrongUserNameEntered" duration-ms="3863" started-at="2017-10-11T14:42:48Z" description="Negative Testcase" depends-on-methods="com.unit4test.testbase.LoginTestDriverCases.verifyLogout" finished-at="2017-10-11T14:42:52Z">
          <reporter-output>
          </reporter-output>
        </test-method> <!-- wrongUserNameEntered -->
        <test-method status="PASS" signature="tearDown(org.testng.ITestResult)[pri:0, instance:com.unit4test.testbase.LoginTestDriverCases@2286778]" name="tearDown" is-config="true" duration-ms="51" started-at="2017-10-11T14:42:52Z" finished-at="2017-10-11T14:42:52Z">
          <params>
            <param index="0">
              <value>
                <![CDATA[[TestResult name=wrongUserNameEntered status=SUCCESS method=LoginTestDriverCases.wrongUserNameEntered()[pri:4, instance:com.unit4test.testbase.LoginTestDriverCases@2286778] output={null}]]]>
              </value>
            </param>
          </params>
          <reporter-output>
          </reporter-output>
        </test-method> <!-- tearDown -->
        <test-method status="PASS" signature="wrongClientNameEntered()[pri:5, instance:com.unit4test.testbase.LoginTestDriverCases@2286778]" name="wrongClientNameEntered" duration-ms="3524" started-at="2017-10-11T14:42:52Z" depends-on-methods="com.unit4test.testbase.LoginTestDriverCases.verifyLogout" finished-at="2017-10-11T14:42:56Z">
          <reporter-output>
          </reporter-output>
        </test-method> <!-- wrongClientNameEntered -->
        <test-method status="PASS" signature="tearDown(org.testng.ITestResult)[pri:0, instance:com.unit4test.testbase.LoginTestDriverCases@2286778]" name="tearDown" is-config="true" duration-ms="48" started-at="2017-10-11T14:42:56Z" finished-at="2017-10-11T14:42:56Z">
          <params>
            <param index="0">
              <value>
                <![CDATA[[TestResult name=wrongClientNameEntered status=SUCCESS method=LoginTestDriverCases.wrongClientNameEntered()[pri:5, instance:com.unit4test.testbase.LoginTestDriverCases@2286778] output={null}]]]>
              </value>
            </param>
          </params>
          <reporter-output>
          </reporter-output>
        </test-method> <!-- tearDown -->
        <test-method status="PASS" signature="wrongPasswordEntered()[pri:6, instance:com.unit4test.testbase.LoginTestDriverCases@2286778]" name="wrongPasswordEntered" duration-ms="3698" started-at="2017-10-11T14:42:56Z" depends-on-methods="com.unit4test.testbase.LoginTestDriverCases.verifyLogout" finished-at="2017-10-11T14:43:00Z">
          <reporter-output>
          </reporter-output>
        </test-method> <!-- wrongPasswordEntered -->
        <test-method status="PASS" signature="tearDown(org.testng.ITestResult)[pri:0, instance:com.unit4test.testbase.LoginTestDriverCases@2286778]" name="tearDown" is-config="true" duration-ms="105" started-at="2017-10-11T14:43:00Z" finished-at="2017-10-11T14:43:00Z">
          <params>
            <param index="0">
              <value>
                <![CDATA[[TestResult name=wrongPasswordEntered status=SUCCESS method=LoginTestDriverCases.wrongPasswordEntered()[pri:6, instance:com.unit4test.testbase.LoginTestDriverCases@2286778] output={null}]]]>
              </value>
            </param>
          </params>
          <reporter-output>
          </reporter-output>
        </test-method> <!-- tearDown -->
        <test-method status="PASS" signature="wrongUsernameClientEntered()[pri:7, instance:com.unit4test.testbase.LoginTestDriverCases@2286778]" name="wrongUsernameClientEntered" duration-ms="3715" started-at="2017-10-11T14:43:00Z" depends-on-methods="com.unit4test.testbase.LoginTestDriverCases.verifyLogout" finished-at="2017-10-11T14:43:03Z">
          <reporter-output>
          </reporter-output>
        </test-method> <!-- wrongUsernameClientEntered -->
        <test-method status="PASS" signature="tearDown(org.testng.ITestResult)[pri:0, instance:com.unit4test.testbase.LoginTestDriverCases@2286778]" name="tearDown" is-config="true" duration-ms="87" started-at="2017-10-11T14:43:03Z" finished-at="2017-10-11T14:43:03Z">
          <params>
            <param index="0">
              <value>
                <![CDATA[[TestResult name=wrongUsernameClientEntered status=SUCCESS method=LoginTestDriverCases.wrongUsernameClientEntered()[pri:7, instance:com.unit4test.testbase.LoginTestDriverCases@2286778] output={null}]]]>
              </value>
            </param>
          </params>
          <reporter-output>
          </reporter-output>
        </test-method> <!-- tearDown -->
        <test-method status="PASS" signature="wrongClientPasswordEntered()[pri:8, instance:com.unit4test.testbase.LoginTestDriverCases@2286778]" name="wrongClientPasswordEntered" duration-ms="3675" started-at="2017-10-11T14:43:03Z" depends-on-methods="com.unit4test.testbase.LoginTestDriverCases.verifyLogout" finished-at="2017-10-11T14:43:07Z">
          <reporter-output>
          </reporter-output>
        </test-method> <!-- wrongClientPasswordEntered -->
        <test-method status="PASS" signature="tearDown(org.testng.ITestResult)[pri:0, instance:com.unit4test.testbase.LoginTestDriverCases@2286778]" name="tearDown" is-config="true" duration-ms="85" started-at="2017-10-11T14:43:07Z" finished-at="2017-10-11T14:43:07Z">
          <params>
            <param index="0">
              <value>
                <![CDATA[[TestResult name=wrongClientPasswordEntered status=SUCCESS method=LoginTestDriverCases.wrongClientPasswordEntered()[pri:8, instance:com.unit4test.testbase.LoginTestDriverCases@2286778] output={null}]]]>
              </value>
            </param>
          </params>
          <reporter-output>
          </reporter-output>
        </test-method> <!-- tearDown -->
        <test-method status="PASS" signature="wrongUsernamePasswordEntered()[pri:9, instance:com.unit4test.testbase.LoginTestDriverCases@2286778]" name="wrongUsernamePasswordEntered" duration-ms="3632" started-at="2017-10-11T14:43:07Z" depends-on-methods="com.unit4test.testbase.LoginTestDriverCases.verifyLogout" finished-at="2017-10-11T14:43:11Z">
          <reporter-output>
          </reporter-output>
        </test-method> <!-- wrongUsernamePasswordEntered -->
        <test-method status="PASS" signature="tearDown(org.testng.ITestResult)[pri:0, instance:com.unit4test.testbase.LoginTestDriverCases@2286778]" name="tearDown" is-config="true" duration-ms="51" started-at="2017-10-11T14:43:11Z" finished-at="2017-10-11T14:43:11Z">
          <params>
            <param index="0">
              <value>
                <![CDATA[[TestResult name=wrongUsernamePasswordEntered status=SUCCESS method=LoginTestDriverCases.wrongUsernamePasswordEntered()[pri:9, instance:com.unit4test.testbase.LoginTestDriverCases@2286778] output={null}]]]>
              </value>
            </param>
          </params>
          <reporter-output>
          </reporter-output>
        </test-method> <!-- tearDown -->
        <test-method status="PASS" signature="wrongUsernameClientPasswordEntered()[pri:10, instance:com.unit4test.testbase.LoginTestDriverCases@2286778]" name="wrongUsernameClientPasswordEntered" duration-ms="3754" started-at="2017-10-11T14:43:11Z" depends-on-methods="com.unit4test.testbase.LoginTestDriverCases.verifyLogout" finished-at="2017-10-11T14:43:15Z">
          <reporter-output>
          </reporter-output>
        </test-method> <!-- wrongUsernameClientPasswordEntered -->
        <test-method status="PASS" signature="tearDown(org.testng.ITestResult)[pri:0, instance:com.unit4test.testbase.LoginTestDriverCases@2286778]" name="tearDown" is-config="true" duration-ms="50" started-at="2017-10-11T14:43:15Z" finished-at="2017-10-11T14:43:15Z">
          <params>
            <param index="0">
              <value>
                <![CDATA[[TestResult name=wrongUsernameClientPasswordEntered status=SUCCESS method=LoginTestDriverCases.wrongUsernameClientPasswordEntered()[pri:10, instance:com.unit4test.testbase.LoginTestDriverCases@2286778] output={null}]]]>
              </value>
            </param>
          </params>
          <reporter-output>
          </reporter-output>
        </test-method> <!-- tearDown -->
        <test-method status="PASS" signature="blankLoginEntered()[pri:11, instance:com.unit4test.testbase.LoginTestDriverCases@2286778]" name="blankLoginEntered" duration-ms="415" started-at="2017-10-11T14:43:15Z" depends-on-methods="com.unit4test.testbase.LoginTestDriverCases.verifyLogout" finished-at="2017-10-11T14:43:15Z">
          <reporter-output>
          </reporter-output>
        </test-method> <!-- blankLoginEntered -->
        <test-method status="PASS" signature="tearDown(org.testng.ITestResult)[pri:0, instance:com.unit4test.testbase.LoginTestDriverCases@2286778]" name="tearDown" is-config="true" duration-ms="53" started-at="2017-10-11T14:43:15Z" finished-at="2017-10-11T14:43:15Z">
          <params>
            <param index="0">
              <value>
                <![CDATA[[TestResult name=blankLoginEntered status=SUCCESS method=LoginTestDriverCases.blankLoginEntered()[pri:11, instance:com.unit4test.testbase.LoginTestDriverCases@2286778] output={null}]]]>
              </value>
            </param>
          </params>
          <reporter-output>
          </reporter-output>
        </test-method> <!-- tearDown -->
        <test-method status="PASS" signature="closing()[pri:0, instance:com.unit4test.testbase.LoginTestDriverCases@2286778]" name="closing" is-config="true" duration-ms="5729" started-at="2017-10-11T14:43:15Z" finished-at="2017-10-11T14:43:21Z">
          <reporter-output>
          </reporter-output>
        </test-method> <!-- closing -->
      </class> <!-- com.unit4test.testbase.LoginTestDriverCases -->
    </test> <!-- Chrome Test -->
  </suite> <!-- Regression LoginSuite -->
</testng-results>
