<?xml version="1.0" encoding="UTF-8"?>
<!-- Generated by org.testng.reporters.JUnitXMLReporter -->
<testsuite hostname="SLW10106" name="Chrome Test" tests="11" failures="0" timestamp="11 Oct 2017 12:30:25 GMT" time="85.071" errors="0">
  <testcase name="verifyTitle" time="0.338" classname="com.unit4test.testbase.LoginTestDriverCases"/>
  <testcase name="verifyLogin" time="8.562" classname="com.unit4test.testbase.LoginTestDriverCases"/>
  <testcase name="verifyLogout" time="4.545" classname="com.unit4test.testbase.LoginTestDriverCases"/>
  <testcase name="wrongUserNameEntered" time="8.795" classname="com.unit4test.testbase.LoginTestDriverCases"/>
  <testcase name="wrongClientNameEntered" time="7.98" classname="com.unit4test.testbase.LoginTestDriverCases"/>
  <testcase name="wrongPasswordEntered" time="7.904" classname="com.unit4test.testbase.LoginTestDriverCases"/>
  <testcase name="wrongUsernameClientEntered" time="7.846" classname="com.unit4test.testbase.LoginTestDriverCases"/>
  <testcase name="wrongClientPasswordEntered" time="7.966" classname="com.unit4test.testbase.LoginTestDriverCases"/>
  <testcase name="wrongUsernamePasswordEntered" time="7.953" classname="com.unit4test.testbase.LoginTestDriverCases"/>
  <testcase name="wrongUsernameClientPasswordEntered" time="6.993" classname="com.unit4test.testbase.LoginTestDriverCases"/>
  <testcase name="blankLoginEntered" time="3.224" classname="com.unit4test.testbase.LoginTestDriverCases"/>
</testsuite> <!-- Chrome Test -->
