<?xml version="1.0" encoding="UTF-8"?>
<!-- Generated by org.testng.reporters.JUnitXMLReporter -->
<testsuite hostname="SLW10106" name="Firefox Test" tests="11" failures="0" timestamp="21 Sep 2017 13:07:03 GMT" time="46.517" errors="0">
  <testcase name="verifyTitle" time="0.014" classname="com.unit4test.testbase.LoginTestDriverCases"/>
  <testcase name="verifyLogin" time="5.5" classname="com.unit4test.testbase.LoginTestDriverCases"/>
  <testcase name="verifyLogout" time="2.425" classname="com.unit4test.testbase.LoginTestDriverCases"/>
  <testcase name="wrongUserNameEntered" time="3.887" classname="com.unit4test.testbase.LoginTestDriverCases"/>
  <testcase name="wrongClientNameEntered" time="3.936" classname="com.unit4test.testbase.LoginTestDriverCases"/>
  <testcase name="wrongPasswordEntered" time="4.049" classname="com.unit4test.testbase.LoginTestDriverCases"/>
  <testcase name="wrongUsernameClientEntered" time="4.132" classname="com.unit4test.testbase.LoginTestDriverCases"/>
  <testcase name="wrongUsernamePasswordEntered" time="4.155" classname="com.unit4test.testbase.LoginTestDriverCases"/>
  <testcase name="wrongClientPasswordEntered" time="4.394" classname="com.unit4test.testbase.LoginTestDriverCases"/>
  <testcase name="blankLoginEntered" time="0.548" classname="com.unit4test.testbase.LoginTestDriverCases"/>
  <testcase name="wrongUsernameClientPasswordEntered" time="3.837" classname="com.unit4test.testbase.LoginTestDriverCases"/>
</testsuite> <!-- Firefox Test -->
