<?xml version="1.0" encoding="UTF-8"?>
<!-- Generated by org.testng.reporters.JUnitXMLReporter -->
<testsuite hostname="SLW10106" name="TestChrome" tests="11" failures="0" timestamp="20 Sep 2017 06:45:31 GMT" time="57.594" errors="0">
  <testcase name="verifyTitle" time="0.038" classname="com.unit4test.testbase.LoginTestDriverCases"/>
  <testcase name="verifyLogin" time="4.807" classname="com.unit4test.testbase.LoginTestDriverCases"/>
  <testcase name="verifyLogout" time="2.44" classname="com.unit4test.testbase.LoginTestDriverCases"/>
  <testcase name="wrongUserNameEntered" time="4.078" classname="com.unit4test.testbase.LoginTestDriverCases"/>
  <testcase name="wrongClientNameEntered" time="3.86" classname="com.unit4test.testbase.LoginTestDriverCases"/>
  <testcase name="wrongPasswordEntered" time="4.018" classname="com.unit4test.testbase.LoginTestDriverCases"/>
  <testcase name="wrongUsernameClientEntered" time="3.979" classname="com.unit4test.testbase.LoginTestDriverCases"/>
  <testcase name="wrongClientPasswordEntered" time="3.986" classname="com.unit4test.testbase.LoginTestDriverCases"/>
  <testcase name="wrongUsernamePasswordEntered" time="3.788" classname="com.unit4test.testbase.LoginTestDriverCases"/>
  <testcase name="wrongUsernameClientPasswordEntered" time="3.894" classname="com.unit4test.testbase.LoginTestDriverCases"/>
  <testcase name="blankLoginEntered" time="0.332" classname="com.unit4test.testbase.LoginTestDriverCases"/>
</testsuite> <!-- TestChrome -->
