<?xml version="1.0" encoding="UTF-8"?>
<!-- Generated by org.testng.reporters.JUnitXMLReporter -->
<testsuite hostname="SLW10106" name="Test" tests="11" failures="0" timestamp="20 Sep 2017 06:55:31 GMT" time="59.624" errors="0">
  <testcase name="verifyTitle" time="0.025" classname="com.unit4test.testbase.LoginTestDriverCases"/>
  <testcase name="verifyLogin" time="5.826" classname="com.unit4test.testbase.LoginTestDriverCases"/>
  <testcase name="verifyLogout" time="2.615" classname="com.unit4test.testbase.LoginTestDriverCases"/>
  <testcase name="wrongUserNameEntered" time="3.975" classname="com.unit4test.testbase.LoginTestDriverCases"/>
  <testcase name="wrongClientNameEntered" time="4.118" classname="com.unit4test.testbase.LoginTestDriverCases"/>
  <testcase name="wrongPasswordEntered" time="4.017" classname="com.unit4test.testbase.LoginTestDriverCases"/>
  <testcase name="wrongUsernameClientEntered" time="3.897" classname="com.unit4test.testbase.LoginTestDriverCases"/>
  <testcase name="wrongClientPasswordEntered" time="3.693" classname="com.unit4test.testbase.LoginTestDriverCases"/>
  <testcase name="wrongUsernamePasswordEntered" time="3.642" classname="com.unit4test.testbase.LoginTestDriverCases"/>
  <testcase name="wrongUsernameClientPasswordEntered" time="3.689" classname="com.unit4test.testbase.LoginTestDriverCases"/>
  <testcase name="blankLoginEntered" time="0.429" classname="com.unit4test.testbase.LoginTestDriverCases"/>
</testsuite> <!-- Test -->
