<?xml version="1.0" encoding="UTF-8"?>
<!-- Generated by org.testng.reporters.JUnitXMLReporter -->
<testsuite hostname="SLW10106" name="TestChrome" tests="7" failures="0" timestamp="14 Sep 2017 17:21:21 GMT" time="24.534" errors="0">
  <testcase name="verifyTitle" time="0.067" classname="com.unit4test.base.TestDriverCases"/>
  <testcase name="verifyLogin" time="3.89" classname="com.unit4test.base.TestDriverCases"/>
  <testcase name="verifyLogout" time="2.314" classname="com.unit4test.base.TestDriverCases"/>
  <testcase name="wrongUserNameEntered" time="3.617" classname="com.unit4test.base.TestDriverCases"/>
  <testcase name="wrongClientNameEntered" time="3.596" classname="com.unit4test.base.TestDriverCases"/>
  <testcase name="wrongPasswordEntered" time="3.568" classname="com.unit4test.base.TestDriverCases"/>
  <testcase name="blankLoginEntered" time="0.231" classname="com.unit4test.base.TestDriverCases"/>
</testsuite> <!-- TestChrome -->
