<?xml version="1.0" encoding="UTF-8"?>
<!-- Generated by org.testng.reporters.JUnitXMLReporter -->
<testsuite hostname="SLW10106" name="TestChrome" tests="7" failures="0" timestamp="14 Sep 2017 17:31:21 GMT" time="24.598" errors="0">
  <testcase name="verifyTitle" time="0.077" classname="com.unit4test.base.TestDriverCases"/>
  <testcase name="verifyLogin" time="3.896" classname="com.unit4test.base.TestDriverCases"/>
  <testcase name="verifyLogout" time="2.273" classname="com.unit4test.base.TestDriverCases"/>
  <testcase name="wrongUserNameEntered" time="3.66" classname="com.unit4test.base.TestDriverCases"/>
  <testcase name="wrongClientNameEntered" time="3.552" classname="com.unit4test.base.TestDriverCases"/>
  <testcase name="wrongPasswordEntered" time="3.592" classname="com.unit4test.base.TestDriverCases"/>
  <testcase name="blankLoginEntered" time="0.219" classname="com.unit4test.base.TestDriverCases"/>
</testsuite> <!-- TestChrome -->
